# Logfile created on 2014-01-08 11:17:37 +0100 by logger.rb/31641
I, [2014-01-08T11:17:37.658676 #1663]  INFO -- : 0:  RedCloth (4.2.9) from /home/ccowley/.rvm/gems/ruby-1.9.3-p484@chriscowley.github.com/specifications/RedCloth-4.2.9.gemspec
I, [2014-01-08T11:17:37.659794 #1663]  INFO -- : 0:  blankslate (2.1.2.4) from /home/ccowley/.rvm/gems/ruby-1.9.3-p484@chriscowley.github.com/specifications/blankslate-2.1.2.4.gemspec
I, [2014-01-08T11:17:37.661088 #1663]  INFO -- : 0:  fast-stemmer (1.0.2) from /home/ccowley/.rvm/gems/ruby-1.9.3-p484@chriscowley.github.com/specifications/fast-stemmer-1.0.2.gemspec
I, [2014-01-08T11:17:37.661919 #1663]  INFO -- : 0:  classifier (1.3.4) from /home/ccowley/.rvm/gems/ruby-1.9.3-p484@chriscowley.github.com/specifications/classifier-1.3.4.gemspec
I, [2014-01-08T11:17:37.662655 #1663]  INFO -- : 0:  colorator (0.1) from /home/ccowley/.rvm/gems/ruby-1.9.3-p484@chriscowley.github.com/specifications/colorator-0.1.gemspec
I, [2014-01-08T11:17:37.663836 #1663]  INFO -- : 0:  highline (1.6.20) from /home/ccowley/.rvm/gems/ruby-1.9.3-p484@chriscowley.github.com/specifications/highline-1.6.20.gemspec
I, [2014-01-08T11:17:37.664629 #1663]  INFO -- : 0:  commander (4.1.5) from /home/ccowley/.rvm/gems/ruby-1.9.3-p484@chriscowley.github.com/specifications/commander-4.1.5.gemspec
I, [2014-01-08T11:17:37.665712 #1663]  INFO -- : 0:  ffi (1.9.3) from /home/ccowley/.rvm/gems/ruby-1.9.3-p484@chriscowley.github.com/specifications/ffi-1.9.3.gemspec
I, [2014-01-08T11:17:37.666577 #1663]  INFO -- : 0:  liquid (2.5.4) from /home/ccowley/.rvm/gems/ruby-1.9.3-p484@chriscowley.github.com/specifications/liquid-2.5.4.gemspec
I, [2014-01-08T11:17:37.667414 #1663]  INFO -- : 0:  rb-fsevent (0.9.4) from /home/ccowley/.rvm/gems/ruby-1.9.3-p484@chriscowley.github.com/specifications/rb-fsevent-0.9.4.gemspec
I, [2014-01-08T11:17:37.668233 #1663]  INFO -- : 0:  rb-inotify (0.9.3) from /home/ccowley/.rvm/gems/ruby-1.9.3-p484@chriscowley.github.com/specifications/rb-inotify-0.9.3.gemspec
I, [2014-01-08T11:17:37.669120 #1663]  INFO -- : 0:  rb-kqueue (0.2.0) from /home/ccowley/.rvm/gems/ruby-1.9.3-p484@chriscowley.github.com/specifications/rb-kqueue-0.2.0.gemspec
I, [2014-01-08T11:17:37.669824 #1663]  INFO -- : 0:  listen (1.3.1) from /home/ccowley/.rvm/gems/ruby-1.9.3-p484@chriscowley.github.com/specifications/listen-1.3.1.gemspec
I, [2014-01-08T11:17:37.670634 #1663]  INFO -- : 0:  maruku (0.7.0) from /home/ccowley/.rvm/gems/ruby-1.9.3-p484@chriscowley.github.com/specifications/maruku-0.7.0.gemspec
I, [2014-01-08T11:17:37.671447 #1663]  INFO -- : 0:  posix-spawn (0.3.8) from /home/ccowley/.rvm/gems/ruby-1.9.3-p484@chriscowley.github.com/specifications/posix-spawn-0.3.8.gemspec
I, [2014-01-08T11:17:37.672325 #1663]  INFO -- : 0:  yajl-ruby (1.1.0) from /home/ccowley/.rvm/gems/ruby-1.9.3-p484@chriscowley.github.com/specifications/yajl-ruby-1.1.0.gemspec
I, [2014-01-08T11:17:37.673172 #1663]  INFO -- : 0:  pygments.rb (0.5.4) from /home/ccowley/.rvm/gems/ruby-1.9.3-p484@chriscowley.github.com/specifications/pygments.rb-0.5.4.gemspec
I, [2014-01-08T11:17:37.674088 #1663]  INFO -- : 0:  redcarpet (2.3.0) from /home/ccowley/.rvm/gems/ruby-1.9.3-p484@chriscowley.github.com/specifications/redcarpet-2.3.0.gemspec
I, [2014-01-08T11:17:37.674779 #1663]  INFO -- : 0:  safe_yaml (0.9.7) from /home/ccowley/.rvm/gems/ruby-1.9.3-p484@chriscowley.github.com/specifications/safe_yaml-0.9.7.gemspec
I, [2014-01-08T11:17:37.675942 #1663]  INFO -- : 0:  parslet (1.5.0) from /home/ccowley/.rvm/gems/ruby-1.9.3-p484@chriscowley.github.com/specifications/parslet-1.5.0.gemspec
I, [2014-01-08T11:17:37.676946 #1663]  INFO -- : 0:  toml (0.1.0) from /home/ccowley/.rvm/gems/ruby-1.9.3-p484@chriscowley.github.com/specifications/toml-0.1.0.gemspec
I, [2014-01-08T11:17:37.677728 #1663]  INFO -- : 0:  jekyll (1.4.2) from /home/ccowley/.rvm/gems/ruby-1.9.3-p484@chriscowley.github.com/specifications/jekyll-1.4.2.gemspec
I, [2014-01-08T11:17:39.459583 #1663]  INFO -- : 0:  kramdown (1.2.0) from /home/ccowley/.rvm/gems/ruby-1.9.3-p484@chriscowley.github.com/specifications/kramdown-1.2.0.gemspec
I, [2014-01-08T11:17:46.679228 #1663]  INFO -- : 0:  rdiscount (2.1.7) from /home/ccowley/.rvm/gems/ruby-1.9.3-p484@chriscowley.github.com/specifications/rdiscount-2.1.7.gemspec
I, [2014-01-08T11:17:47.704027 #1663]  INFO -- : 0:  github-pages (12) from /home/ccowley/.rvm/gems/ruby-1.9.3-p484@chriscowley.github.com/specifications/github-pages-12.gemspec
I, [2014-01-08T11:17:47.705252 #1663]  INFO -- : 0:  bundler (1.5.1) from /home/ccowley/.rvm/gems/ruby-1.9.3-p484@chriscowley.github.com/specifications/bundler-1.5.1.gemspec
I, [2014-01-08T11:38:18.505717 #2535]  INFO -- : 0:  RedCloth (4.2.9) from /home/ccowley/.rvm/gems/ruby-1.9.3-p484@chriscowley.github.com/specifications/RedCloth-4.2.9.gemspec
I, [2014-01-08T11:38:18.527415 #2535]  INFO -- : 0:  blankslate (2.1.2.4) from /home/ccowley/.rvm/gems/ruby-1.9.3-p484@chriscowley.github.com/specifications/blankslate-2.1.2.4.gemspec
I, [2014-01-08T11:38:18.528177 #2535]  INFO -- : 0:  fast-stemmer (1.0.2) from /home/ccowley/.rvm/gems/ruby-1.9.3-p484@chriscowley.github.com/specifications/fast-stemmer-1.0.2.gemspec
I, [2014-01-08T11:38:18.528887 #2535]  INFO -- : 0:  classifier (1.3.4) from /home/ccowley/.rvm/gems/ruby-1.9.3-p484@chriscowley.github.com/specifications/classifier-1.3.4.gemspec
I, [2014-01-08T11:38:18.529654 #2535]  INFO -- : 0:  colorator (0.1) from /home/ccowley/.rvm/gems/ruby-1.9.3-p484@chriscowley.github.com/specifications/colorator-0.1.gemspec
I, [2014-01-08T11:38:18.530420 #2535]  INFO -- : 0:  highline (1.6.20) from /home/ccowley/.rvm/gems/ruby-1.9.3-p484@chriscowley.github.com/specifications/highline-1.6.20.gemspec
I, [2014-01-08T11:38:18.531141 #2535]  INFO -- : 0:  commander (4.1.5) from /home/ccowley/.rvm/gems/ruby-1.9.3-p484@chriscowley.github.com/specifications/commander-4.1.5.gemspec
I, [2014-01-08T11:38:18.531842 #2535]  INFO -- : 0:  ffi (1.9.3) from /home/ccowley/.rvm/gems/ruby-1.9.3-p484@chriscowley.github.com/specifications/ffi-1.9.3.gemspec
I, [2014-01-08T11:38:18.532613 #2535]  INFO -- : 0:  liquid (2.5.4) from /home/ccowley/.rvm/gems/ruby-1.9.3-p484@chriscowley.github.com/specifications/liquid-2.5.4.gemspec
I, [2014-01-08T11:38:18.533372 #2535]  INFO -- : 0:  rb-fsevent (0.9.4) from /home/ccowley/.rvm/gems/ruby-1.9.3-p484@chriscowley.github.com/specifications/rb-fsevent-0.9.4.gemspec
I, [2014-01-08T11:38:18.534086 #2535]  INFO -- : 0:  rb-inotify (0.9.3) from /home/ccowley/.rvm/gems/ruby-1.9.3-p484@chriscowley.github.com/specifications/rb-inotify-0.9.3.gemspec
I, [2014-01-08T11:38:18.534880 #2535]  INFO -- : 0:  rb-kqueue (0.2.0) from /home/ccowley/.rvm/gems/ruby-1.9.3-p484@chriscowley.github.com/specifications/rb-kqueue-0.2.0.gemspec
I, [2014-01-08T11:38:18.535666 #2535]  INFO -- : 0:  listen (1.3.1) from /home/ccowley/.rvm/gems/ruby-1.9.3-p484@chriscowley.github.com/specifications/listen-1.3.1.gemspec
I, [2014-01-08T11:38:18.536387 #2535]  INFO -- : 0:  maruku (0.7.0) from /home/ccowley/.rvm/gems/ruby-1.9.3-p484@chriscowley.github.com/specifications/maruku-0.7.0.gemspec
I, [2014-01-08T11:38:18.537074 #2535]  INFO -- : 0:  posix-spawn (0.3.8) from /home/ccowley/.rvm/gems/ruby-1.9.3-p484@chriscowley.github.com/specifications/posix-spawn-0.3.8.gemspec
I, [2014-01-08T11:38:18.537819 #2535]  INFO -- : 0:  yajl-ruby (1.1.0) from /home/ccowley/.rvm/gems/ruby-1.9.3-p484@chriscowley.github.com/specifications/yajl-ruby-1.1.0.gemspec
I, [2014-01-08T11:38:18.538558 #2535]  INFO -- : 0:  pygments.rb (0.5.4) from /home/ccowley/.rvm/gems/ruby-1.9.3-p484@chriscowley.github.com/specifications/pygments.rb-0.5.4.gemspec
I, [2014-01-08T11:38:18.539306 #2535]  INFO -- : 0:  redcarpet (2.3.0) from /home/ccowley/.rvm/gems/ruby-1.9.3-p484@chriscowley.github.com/specifications/redcarpet-2.3.0.gemspec
I, [2014-01-08T11:38:18.539969 #2535]  INFO -- : 0:  safe_yaml (0.9.7) from /home/ccowley/.rvm/gems/ruby-1.9.3-p484@chriscowley.github.com/specifications/safe_yaml-0.9.7.gemspec
I, [2014-01-08T11:38:18.540677 #2535]  INFO -- : 0:  parslet (1.5.0) from /home/ccowley/.rvm/gems/ruby-1.9.3-p484@chriscowley.github.com/specifications/parslet-1.5.0.gemspec
I, [2014-01-08T11:38:18.541439 #2535]  INFO -- : 0:  toml (0.1.0) from /home/ccowley/.rvm/gems/ruby-1.9.3-p484@chriscowley.github.com/specifications/toml-0.1.0.gemspec
I, [2014-01-08T11:38:18.542170 #2535]  INFO -- : 0:  jekyll (1.4.2) from /home/ccowley/.rvm/gems/ruby-1.9.3-p484@chriscowley.github.com/specifications/jekyll-1.4.2.gemspec
I, [2014-01-08T11:38:18.542820 #2535]  INFO -- : 0:  kramdown (1.2.0) from /home/ccowley/.rvm/gems/ruby-1.9.3-p484@chriscowley.github.com/specifications/kramdown-1.2.0.gemspec
I, [2014-01-08T11:38:18.543536 #2535]  INFO -- : 0:  rdiscount (2.1.7) from /home/ccowley/.rvm/gems/ruby-1.9.3-p484@chriscowley.github.com/specifications/rdiscount-2.1.7.gemspec
I, [2014-01-08T11:38:18.544253 #2535]  INFO -- : 0:  github-pages (12) from /home/ccowley/.rvm/gems/ruby-1.9.3-p484@chriscowley.github.com/specifications/github-pages-12.gemspec
I, [2014-01-08T11:38:18.544902 #2535]  INFO -- : 0:  bundler (1.5.1) from /home/ccowley/.rvm/gems/ruby-1.9.3-p484@chriscowley.github.com/specifications/bundler-1.5.1.gemspec
